<?xml version="1.0" encoding="UTF-8"?>
<testsuite name="ParcelTest" tests="1" skipped="0" failures="0" errors="0" timestamp="2016-02-15T18:41:39" hostname="epicodus-55.local" time="0.001">
  <properties/>
  <testcase name="newParcel_instansiatesCorrectly" classname="ParcelTest" time="0.001"/>
  <system-out><![CDATA[]]></system-out>
  <system-err><![CDATA[]]></system-err>
</testsuite>
